<?xml version="1.0" encoding="UTF-8"?>
<testsuite xmlns:xsi="http://www.w3.org/2001/XMLSchema-instance" xsi:noNamespaceSchemaLocation="https://maven.apache.org/surefire/maven-surefire-plugin/xsd/surefire-test-report.xsd" name="ch.subsidia.jpademo.JpaDemoApplicationTests" time="1.822" tests="5" errors="0" skipped="0" failures="1">
  <properties>
    <property name="java.specification.version" value="17"/>
    <property name="sun.jnu.encoding" value="UTF-8"/>
    <property name="java.class.path" value="/Users/danielvontobel/_dev-migrations/jpa-demo/target/test-classes:/Users/danielvontobel/_dev-migrations/jpa-demo/target/classes:/Users/danielvontobel/.m2/repository/org/springframework/boot/spring-boot-starter-data-jpa/3.0.9/spring-boot-starter-data-jpa-3.0.9.jar:/Users/danielvontobel/.m2/repository/org/springframework/boot/spring-boot-starter-aop/3.0.9/spring-boot-starter-aop-3.0.9.jar:/Users/danielvontobel/.m2/repository/org/springframework/spring-aop/6.0.11/spring-aop-6.0.11.jar:/Users/danielvontobel/.m2/repository/org/aspectj/aspectjweaver/1.9.19/aspectjweaver-1.9.19.jar:/Users/danielvontobel/.m2/repository/org/springframework/boot/spring-boot-starter-jdbc/3.0.9/spring-boot-starter-jdbc-3.0.9.jar:/Users/danielvontobel/.m2/repository/com/zaxxer/HikariCP/5.0.1/HikariCP-5.0.1.jar:/Users/danielvontobel/.m2/repository/org/springframework/spring-jdbc/6.0.11/spring-jdbc-6.0.11.jar:/Users/danielvontobel/.m2/repository/org/hibernate/orm/hibernate-core/6.1.7.Final/hibernate-core-6.1.7.Final.jar:/Users/danielvontobel/.m2/repository/jakarta/persistence/jakarta.persistence-api/3.1.0/jakarta.persistence-api-3.1.0.jar:/Users/danielvontobel/.m2/repository/jakarta/transaction/jakarta.transaction-api/2.0.1/jakarta.transaction-api-2.0.1.jar:/Users/danielvontobel/.m2/repository/org/jboss/logging/jboss-logging/3.5.3.Final/jboss-logging-3.5.3.Final.jar:/Users/danielvontobel/.m2/repository/org/hibernate/common/hibernate-commons-annotations/6.0.6.Final/hibernate-commons-annotations-6.0.6.Final.jar:/Users/danielvontobel/.m2/repository/org/jboss/jandex/2.4.2.Final/jandex-2.4.2.Final.jar:/Users/danielvontobel/.m2/repository/com/fasterxml/classmate/1.5.1/classmate-1.5.1.jar:/Users/danielvontobel/.m2/repository/net/bytebuddy/byte-buddy/1.12.23/byte-buddy-1.12.23.jar:/Users/danielvontobel/.m2/repository/org/glassfish/jaxb/jaxb-runtime/4.0.3/jaxb-runtime-4.0.3.jar:/Users/danielvontobel/.m2/repository/org/glassfish/jaxb/jaxb-core/4.0.3/jaxb-core-4.0.3.jar:/Users/danielvontobel/.m2/repository/org/eclipse/angus/angus-activation/2.0.1/angus-activation-2.0.1.jar:/Users/danielvontobel/.m2/repository/org/glassfish/jaxb/txw2/4.0.3/txw2-4.0.3.jar:/Users/danielvontobel/.m2/repository/com/sun/istack/istack-commons-runtime/4.1.2/istack-commons-runtime-4.1.2.jar:/Users/danielvontobel/.m2/repository/jakarta/inject/jakarta.inject-api/2.0.0/jakarta.inject-api-2.0.0.jar:/Users/danielvontobel/.m2/repository/org/antlr/antlr4-runtime/4.10.1/antlr4-runtime-4.10.1.jar:/Users/danielvontobel/.m2/repository/org/springframework/data/spring-data-jpa/3.0.8/spring-data-jpa-3.0.8.jar:/Users/danielvontobel/.m2/repository/org/springframework/data/spring-data-commons/3.0.8/spring-data-commons-3.0.8.jar:/Users/danielvontobel/.m2/repository/org/springframework/spring-orm/6.0.11/spring-orm-6.0.11.jar:/Users/danielvontobel/.m2/repository/org/springframework/spring-context/6.0.11/spring-context-6.0.11.jar:/Users/danielvontobel/.m2/repository/org/springframework/spring-expression/6.0.11/spring-expression-6.0.11.jar:/Users/danielvontobel/.m2/repository/org/springframework/spring-tx/6.0.11/spring-tx-6.0.11.jar:/Users/danielvontobel/.m2/repository/org/springframework/spring-beans/6.0.11/spring-beans-6.0.11.jar:/Users/danielvontobel/.m2/repository/jakarta/annotation/jakarta.annotation-api/2.1.1/jakarta.annotation-api-2.1.1.jar:/Users/danielvontobel/.m2/repository/org/slf4j/slf4j-api/2.0.7/slf4j-api-2.0.7.jar:/Users/danielvontobel/.m2/repository/org/springframework/spring-aspects/6.0.11/spring-aspects-6.0.11.jar:/Users/danielvontobel/.m2/repository/com/cosium/spring/data/spring-data-jpa-entity-graph/3.0.1/spring-data-jpa-entity-graph-3.0.1.jar:/Users/danielvontobel/.m2/repository/org/flywaydb/flyway-core/9.5.1/flyway-core-9.5.1.jar:/Users/danielvontobel/.m2/repository/com/electronwill/night-config/toml/3.6.6/toml-3.6.6.jar:/Users/danielvontobel/.m2/repository/com/electronwill/night-config/core/3.6.6/core-3.6.6.jar:/Users/danielvontobel/.m2/repository/org/postgresql/postgresql/42.5.4/postgresql-42.5.4.jar:/Users/danielvontobel/.m2/repository/org/checkerframework/checker-qual/3.5.0/checker-qual-3.5.0.jar:/Users/danielvontobel/.m2/repository/org/projectlombok/lombok/1.18.28/lombok-1.18.28.jar:/Users/danielvontobel/.m2/repository/org/springframework/boot/spring-boot-starter-test/3.0.9/spring-boot-starter-test-3.0.9.jar:/Users/danielvontobel/.m2/repository/org/springframework/boot/spring-boot-starter/3.0.9/spring-boot-starter-3.0.9.jar:/Users/danielvontobel/.m2/repository/org/springframework/boot/spring-boot/3.0.9/spring-boot-3.0.9.jar:/Users/danielvontobel/.m2/repository/org/springframework/boot/spring-boot-autoconfigure/3.0.9/spring-boot-autoconfigure-3.0.9.jar:/Users/danielvontobel/.m2/repository/org/springframework/boot/spring-boot-starter-logging/3.0.9/spring-boot-starter-logging-3.0.9.jar:/Users/danielvontobel/.m2/repository/ch/qos/logback/logback-classic/1.4.8/logback-classic-1.4.8.jar:/Users/danielvontobel/.m2/repository/ch/qos/logback/logback-core/1.4.8/logback-core-1.4.8.jar:/Users/danielvontobel/.m2/repository/org/apache/logging/log4j/log4j-to-slf4j/2.19.0/log4j-to-slf4j-2.19.0.jar:/Users/danielvontobel/.m2/repository/org/apache/logging/log4j/log4j-api/2.19.0/log4j-api-2.19.0.jar:/Users/danielvontobel/.m2/repository/org/slf4j/jul-to-slf4j/2.0.7/jul-to-slf4j-2.0.7.jar:/Users/danielvontobel/.m2/repository/org/yaml/snakeyaml/1.33/snakeyaml-1.33.jar:/Users/danielvontobel/.m2/repository/org/springframework/boot/spring-boot-test/3.0.9/spring-boot-test-3.0.9.jar:/Users/danielvontobel/.m2/repository/org/springframework/boot/spring-boot-test-autoconfigure/3.0.9/spring-boot-test-autoconfigure-3.0.9.jar:/Users/danielvontobel/.m2/repository/com/jayway/jsonpath/json-path/2.7.0/json-path-2.7.0.jar:/Users/danielvontobel/.m2/repository/net/minidev/json-smart/2.4.11/json-smart-2.4.11.jar:/Users/danielvontobel/.m2/repository/net/minidev/accessors-smart/2.4.11/accessors-smart-2.4.11.jar:/Users/danielvontobel/.m2/repository/org/ow2/asm/asm/9.3/asm-9.3.jar:/Users/danielvontobel/.m2/repository/jakarta/xml/bind/jakarta.xml.bind-api/4.0.0/jakarta.xml.bind-api-4.0.0.jar:/Users/danielvontobel/.m2/repository/jakarta/activation/jakarta.activation-api/2.1.2/jakarta.activation-api-2.1.2.jar:/Users/danielvontobel/.m2/repository/org/assertj/assertj-core/3.23.1/assertj-core-3.23.1.jar:/Users/danielvontobel/.m2/repository/org/hamcrest/hamcrest/2.2/hamcrest-2.2.jar:/Users/danielvontobel/.m2/repository/org/junit/jupiter/junit-jupiter/5.9.3/junit-jupiter-5.9.3.jar:/Users/danielvontobel/.m2/repository/org/junit/jupiter/junit-jupiter-api/5.9.3/junit-jupiter-api-5.9.3.jar:/Users/danielvontobel/.m2/repository/org/opentest4j/opentest4j/1.2.0/opentest4j-1.2.0.jar:/Users/danielvontobel/.m2/repository/org/junit/platform/junit-platform-commons/1.9.3/junit-platform-commons-1.9.3.jar:/Users/danielvontobel/.m2/repository/org/apiguardian/apiguardian-api/1.1.2/apiguardian-api-1.1.2.jar:/Users/danielvontobel/.m2/repository/org/junit/jupiter/junit-jupiter-params/5.9.3/junit-jupiter-params-5.9.3.jar:/Users/danielvontobel/.m2/repository/org/junit/jupiter/junit-jupiter-engine/5.9.3/junit-jupiter-engine-5.9.3.jar:/Users/danielvontobel/.m2/repository/org/junit/platform/junit-platform-engine/1.9.3/junit-platform-engine-1.9.3.jar:/Users/danielvontobel/.m2/repository/org/mockito/mockito-core/4.8.1/mockito-core-4.8.1.jar:/Users/danielvontobel/.m2/repository/net/bytebuddy/byte-buddy-agent/1.12.23/byte-buddy-agent-1.12.23.jar:/Users/danielvontobel/.m2/repository/org/objenesis/objenesis/3.2/objenesis-3.2.jar:/Users/danielvontobel/.m2/repository/org/mockito/mockito-junit-jupiter/4.8.1/mockito-junit-jupiter-4.8.1.jar:/Users/danielvontobel/.m2/repository/org/skyscreamer/jsonassert/1.5.1/jsonassert-1.5.1.jar:/Users/danielvontobel/.m2/repository/com/vaadin/external/google/android-json/0.0.20131108.vaadin1/android-json-0.0.20131108.vaadin1.jar:/Users/danielvontobel/.m2/repository/org/springframework/spring-core/6.0.11/spring-core-6.0.11.jar:/Users/danielvontobel/.m2/repository/org/springframework/spring-jcl/6.0.11/spring-jcl-6.0.11.jar:/Users/danielvontobel/.m2/repository/org/springframework/spring-test/6.0.11/spring-test-6.0.11.jar:/Users/danielvontobel/.m2/repository/org/xmlunit/xmlunit-core/2.9.1/xmlunit-core-2.9.1.jar:"/>
    <property name="java.vm.vendor" value="Eclipse Adoptium"/>
    <property name="sun.arch.data.model" value="64"/>
    <property name="java.vendor.url" value="https://adoptium.net/"/>
    <property name="os.name" value="Mac OS X"/>
    <property name="java.vm.specification.version" value="17"/>
    <property name="sun.java.launcher" value="SUN_STANDARD"/>
    <property name="user.country" value="CH"/>
    <property name="sun.boot.library.path" value="/Library/Java/JavaVirtualMachines/temurin-17.jdk/Contents/Home/lib"/>
    <property name="sun.java.command" value="/Users/danielvontobel/_dev-migrations/jpa-demo/target/surefire/surefirebooter590478894087079613.jar /Users/danielvontobel/_dev-migrations/jpa-demo/target/surefire 2023-08-11T18-16-13_366-jvmRun1 surefire5345433890760454716tmp surefire_06722816888577545249tmp"/>
    <property name="http.nonProxyHosts" value="local|*.local|169.254/16|*.169.254/16"/>
    <property name="jdk.debug" value="release"/>
    <property name="surefire.test.class.path" value="/Users/danielvontobel/_dev-migrations/jpa-demo/target/test-classes:/Users/danielvontobel/_dev-migrations/jpa-demo/target/classes:/Users/danielvontobel/.m2/repository/org/springframework/boot/spring-boot-starter-data-jpa/3.0.9/spring-boot-starter-data-jpa-3.0.9.jar:/Users/danielvontobel/.m2/repository/org/springframework/boot/spring-boot-starter-aop/3.0.9/spring-boot-starter-aop-3.0.9.jar:/Users/danielvontobel/.m2/repository/org/springframework/spring-aop/6.0.11/spring-aop-6.0.11.jar:/Users/danielvontobel/.m2/repository/org/aspectj/aspectjweaver/1.9.19/aspectjweaver-1.9.19.jar:/Users/danielvontobel/.m2/repository/org/springframework/boot/spring-boot-starter-jdbc/3.0.9/spring-boot-starter-jdbc-3.0.9.jar:/Users/danielvontobel/.m2/repository/com/zaxxer/HikariCP/5.0.1/HikariCP-5.0.1.jar:/Users/danielvontobel/.m2/repository/org/springframework/spring-jdbc/6.0.11/spring-jdbc-6.0.11.jar:/Users/danielvontobel/.m2/repository/org/hibernate/orm/hibernate-core/6.1.7.Final/hibernate-core-6.1.7.Final.jar:/Users/danielvontobel/.m2/repository/jakarta/persistence/jakarta.persistence-api/3.1.0/jakarta.persistence-api-3.1.0.jar:/Users/danielvontobel/.m2/repository/jakarta/transaction/jakarta.transaction-api/2.0.1/jakarta.transaction-api-2.0.1.jar:/Users/danielvontobel/.m2/repository/org/jboss/logging/jboss-logging/3.5.3.Final/jboss-logging-3.5.3.Final.jar:/Users/danielvontobel/.m2/repository/org/hibernate/common/hibernate-commons-annotations/6.0.6.Final/hibernate-commons-annotations-6.0.6.Final.jar:/Users/danielvontobel/.m2/repository/org/jboss/jandex/2.4.2.Final/jandex-2.4.2.Final.jar:/Users/danielvontobel/.m2/repository/com/fasterxml/classmate/1.5.1/classmate-1.5.1.jar:/Users/danielvontobel/.m2/repository/net/bytebuddy/byte-buddy/1.12.23/byte-buddy-1.12.23.jar:/Users/danielvontobel/.m2/repository/org/glassfish/jaxb/jaxb-runtime/4.0.3/jaxb-runtime-4.0.3.jar:/Users/danielvontobel/.m2/repository/org/glassfish/jaxb/jaxb-core/4.0.3/jaxb-core-4.0.3.jar:/Users/danielvontobel/.m2/repository/org/eclipse/angus/angus-activation/2.0.1/angus-activation-2.0.1.jar:/Users/danielvontobel/.m2/repository/org/glassfish/jaxb/txw2/4.0.3/txw2-4.0.3.jar:/Users/danielvontobel/.m2/repository/com/sun/istack/istack-commons-runtime/4.1.2/istack-commons-runtime-4.1.2.jar:/Users/danielvontobel/.m2/repository/jakarta/inject/jakarta.inject-api/2.0.0/jakarta.inject-api-2.0.0.jar:/Users/danielvontobel/.m2/repository/org/antlr/antlr4-runtime/4.10.1/antlr4-runtime-4.10.1.jar:/Users/danielvontobel/.m2/repository/org/springframework/data/spring-data-jpa/3.0.8/spring-data-jpa-3.0.8.jar:/Users/danielvontobel/.m2/repository/org/springframework/data/spring-data-commons/3.0.8/spring-data-commons-3.0.8.jar:/Users/danielvontobel/.m2/repository/org/springframework/spring-orm/6.0.11/spring-orm-6.0.11.jar:/Users/danielvontobel/.m2/repository/org/springframework/spring-context/6.0.11/spring-context-6.0.11.jar:/Users/danielvontobel/.m2/repository/org/springframework/spring-expression/6.0.11/spring-expression-6.0.11.jar:/Users/danielvontobel/.m2/repository/org/springframework/spring-tx/6.0.11/spring-tx-6.0.11.jar:/Users/danielvontobel/.m2/repository/org/springframework/spring-beans/6.0.11/spring-beans-6.0.11.jar:/Users/danielvontobel/.m2/repository/jakarta/annotation/jakarta.annotation-api/2.1.1/jakarta.annotation-api-2.1.1.jar:/Users/danielvontobel/.m2/repository/org/slf4j/slf4j-api/2.0.7/slf4j-api-2.0.7.jar:/Users/danielvontobel/.m2/repository/org/springframework/spring-aspects/6.0.11/spring-aspects-6.0.11.jar:/Users/danielvontobel/.m2/repository/com/cosium/spring/data/spring-data-jpa-entity-graph/3.0.1/spring-data-jpa-entity-graph-3.0.1.jar:/Users/danielvontobel/.m2/repository/org/flywaydb/flyway-core/9.5.1/flyway-core-9.5.1.jar:/Users/danielvontobel/.m2/repository/com/electronwill/night-config/toml/3.6.6/toml-3.6.6.jar:/Users/danielvontobel/.m2/repository/com/electronwill/night-config/core/3.6.6/core-3.6.6.jar:/Users/danielvontobel/.m2/repository/org/postgresql/postgresql/42.5.4/postgresql-42.5.4.jar:/Users/danielvontobel/.m2/repository/org/checkerframework/checker-qual/3.5.0/checker-qual-3.5.0.jar:/Users/danielvontobel/.m2/repository/org/projectlombok/lombok/1.18.28/lombok-1.18.28.jar:/Users/danielvontobel/.m2/repository/org/springframework/boot/spring-boot-starter-test/3.0.9/spring-boot-starter-test-3.0.9.jar:/Users/danielvontobel/.m2/repository/org/springframework/boot/spring-boot-starter/3.0.9/spring-boot-starter-3.0.9.jar:/Users/danielvontobel/.m2/repository/org/springframework/boot/spring-boot/3.0.9/spring-boot-3.0.9.jar:/Users/danielvontobel/.m2/repository/org/springframework/boot/spring-boot-autoconfigure/3.0.9/spring-boot-autoconfigure-3.0.9.jar:/Users/danielvontobel/.m2/repository/org/springframework/boot/spring-boot-starter-logging/3.0.9/spring-boot-starter-logging-3.0.9.jar:/Users/danielvontobel/.m2/repository/ch/qos/logback/logback-classic/1.4.8/logback-classic-1.4.8.jar:/Users/danielvontobel/.m2/repository/ch/qos/logback/logback-core/1.4.8/logback-core-1.4.8.jar:/Users/danielvontobel/.m2/repository/org/apache/logging/log4j/log4j-to-slf4j/2.19.0/log4j-to-slf4j-2.19.0.jar:/Users/danielvontobel/.m2/repository/org/apache/logging/log4j/log4j-api/2.19.0/log4j-api-2.19.0.jar:/Users/danielvontobel/.m2/repository/org/slf4j/jul-to-slf4j/2.0.7/jul-to-slf4j-2.0.7.jar:/Users/danielvontobel/.m2/repository/org/yaml/snakeyaml/1.33/snakeyaml-1.33.jar:/Users/danielvontobel/.m2/repository/org/springframework/boot/spring-boot-test/3.0.9/spring-boot-test-3.0.9.jar:/Users/danielvontobel/.m2/repository/org/springframework/boot/spring-boot-test-autoconfigure/3.0.9/spring-boot-test-autoconfigure-3.0.9.jar:/Users/danielvontobel/.m2/repository/com/jayway/jsonpath/json-path/2.7.0/json-path-2.7.0.jar:/Users/danielvontobel/.m2/repository/net/minidev/json-smart/2.4.11/json-smart-2.4.11.jar:/Users/danielvontobel/.m2/repository/net/minidev/accessors-smart/2.4.11/accessors-smart-2.4.11.jar:/Users/danielvontobel/.m2/repository/org/ow2/asm/asm/9.3/asm-9.3.jar:/Users/danielvontobel/.m2/repository/jakarta/xml/bind/jakarta.xml.bind-api/4.0.0/jakarta.xml.bind-api-4.0.0.jar:/Users/danielvontobel/.m2/repository/jakarta/activation/jakarta.activation-api/2.1.2/jakarta.activation-api-2.1.2.jar:/Users/danielvontobel/.m2/repository/org/assertj/assertj-core/3.23.1/assertj-core-3.23.1.jar:/Users/danielvontobel/.m2/repository/org/hamcrest/hamcrest/2.2/hamcrest-2.2.jar:/Users/danielvontobel/.m2/repository/org/junit/jupiter/junit-jupiter/5.9.3/junit-jupiter-5.9.3.jar:/Users/danielvontobel/.m2/repository/org/junit/jupiter/junit-jupiter-api/5.9.3/junit-jupiter-api-5.9.3.jar:/Users/danielvontobel/.m2/repository/org/opentest4j/opentest4j/1.2.0/opentest4j-1.2.0.jar:/Users/danielvontobel/.m2/repository/org/junit/platform/junit-platform-commons/1.9.3/junit-platform-commons-1.9.3.jar:/Users/danielvontobel/.m2/repository/org/apiguardian/apiguardian-api/1.1.2/apiguardian-api-1.1.2.jar:/Users/danielvontobel/.m2/repository/org/junit/jupiter/junit-jupiter-params/5.9.3/junit-jupiter-params-5.9.3.jar:/Users/danielvontobel/.m2/repository/org/junit/jupiter/junit-jupiter-engine/5.9.3/junit-jupiter-engine-5.9.3.jar:/Users/danielvontobel/.m2/repository/org/junit/platform/junit-platform-engine/1.9.3/junit-platform-engine-1.9.3.jar:/Users/danielvontobel/.m2/repository/org/mockito/mockito-core/4.8.1/mockito-core-4.8.1.jar:/Users/danielvontobel/.m2/repository/net/bytebuddy/byte-buddy-agent/1.12.23/byte-buddy-agent-1.12.23.jar:/Users/danielvontobel/.m2/repository/org/objenesis/objenesis/3.2/objenesis-3.2.jar:/Users/danielvontobel/.m2/repository/org/mockito/mockito-junit-jupiter/4.8.1/mockito-junit-jupiter-4.8.1.jar:/Users/danielvontobel/.m2/repository/org/skyscreamer/jsonassert/1.5.1/jsonassert-1.5.1.jar:/Users/danielvontobel/.m2/repository/com/vaadin/external/google/android-json/0.0.20131108.vaadin1/android-json-0.0.20131108.vaadin1.jar:/Users/danielvontobel/.m2/repository/org/springframework/spring-core/6.0.11/spring-core-6.0.11.jar:/Users/danielvontobel/.m2/repository/org/springframework/spring-jcl/6.0.11/spring-jcl-6.0.11.jar:/Users/danielvontobel/.m2/repository/org/springframework/spring-test/6.0.11/spring-test-6.0.11.jar:/Users/danielvontobel/.m2/repository/org/xmlunit/xmlunit-core/2.9.1/xmlunit-core-2.9.1.jar:"/>
    <property name="sun.cpu.endian" value="little"/>
    <property name="user.home" value="/Users/danielvontobel"/>
    <property name="user.language" value="de"/>
    <property name="java.specification.vendor" value="Oracle Corporation"/>
    <property name="java.version.date" value="2022-04-19"/>
    <property name="java.home" value="/Library/Java/JavaVirtualMachines/temurin-17.jdk/Contents/Home"/>
    <property name="file.separator" value="/"/>
    <property name="basedir" value="/Users/danielvontobel/_dev-migrations/jpa-demo"/>
    <property name="java.vm.compressedOopsMode" value="Zero based"/>
    <property name="line.separator" value="&#10;"/>
    <property name="java.specification.name" value="Java Platform API Specification"/>
    <property name="java.vm.specification.vendor" value="Oracle Corporation"/>
    <property name="surefire.real.class.path" value="/Users/danielvontobel/_dev-migrations/jpa-demo/target/surefire/surefirebooter590478894087079613.jar"/>
    <property name="sun.management.compiler" value="HotSpot 64-Bit Tiered Compilers"/>
    <property name="ftp.nonProxyHosts" value="local|*.local|169.254/16|*.169.254/16"/>
    <property name="java.runtime.version" value="17.0.3+7"/>
    <property name="user.name" value="danielvontobel"/>
    <property name="path.separator" value=":"/>
    <property name="os.version" value="13.4.1"/>
    <property name="java.runtime.name" value="OpenJDK Runtime Environment"/>
    <property name="file.encoding" value="UTF-8"/>
    <property name="java.vm.name" value="OpenJDK 64-Bit Server VM"/>
    <property name="java.vendor.version" value="Temurin-17.0.3+7"/>
    <property name="localRepository" value="/Users/danielvontobel/.m2/repository"/>
    <property name="java.vendor.url.bug" value="https://github.com/adoptium/adoptium-support/issues"/>
    <property name="java.io.tmpdir" value="/var/folders/x7/ln_lyn595sb0cp6czpst5lrm0000gn/T/"/>
    <property name="java.version" value="17.0.3"/>
    <property name="user.dir" value="/Users/danielvontobel/_dev-migrations/jpa-demo"/>
    <property name="os.arch" value="aarch64"/>
    <property name="java.vm.specification.name" value="Java Virtual Machine Specification"/>
    <property name="native.encoding" value="UTF-8"/>
    <property name="java.library.path" value="/Users/danielvontobel/Library/Java/Extensions:/Library/Java/Extensions:/Network/Library/Java/Extensions:/System/Library/Java/Extensions:/usr/lib/java:."/>
    <property name="java.vm.info" value="mixed mode"/>
    <property name="java.vendor" value="Eclipse Adoptium"/>
    <property name="java.vm.version" value="17.0.3+7"/>
    <property name="sun.io.unicode.encoding" value="UnicodeBig"/>
    <property name="socksNonProxyHosts" value="local|*.local|169.254/16|*.169.254/16"/>
    <property name="java.class.version" value="61.0"/>
  </properties>
  <testcase name="findOne__withEntityGraph_expectCompleteResolved" classname="ch.subsidia.jpademo.JpaDemoApplicationTests" time="0.236">
    <failure message="expected: &lt;3&gt; but was: &lt;2&gt;" type="org.opentest4j.AssertionFailedError"><![CDATA[org.opentest4j.AssertionFailedError: expected: <3> but was: <2>
	at ch.subsidia.jpademo.JpaDemoApplicationTests.findOne__withEntityGraph_expectCompleteResolved(JpaDemoApplicationTests.java:81)
]]></failure>
    <system-out><![CDATA[18:16:13.735 [main] DEBUG org.springframework.boot.test.context.SpringBootTestContextBootstrapper -- Neither @ContextConfiguration nor @ContextHierarchy found for test class [JpaDemoApplicationTests]: using SpringBootContextLoader
18:16:13.737 [main] DEBUG org.springframework.test.context.support.AbstractContextLoader -- Could not detect default resource locations for test class [ch.subsidia.jpademo.JpaDemoApplicationTests]: no resource found for suffixes {-context.xml, Context.groovy}.
18:16:13.737 [main] INFO org.springframework.test.context.support.AnnotationConfigContextLoaderUtils -- Could not detect default configuration classes for test class [ch.subsidia.jpademo.JpaDemoApplicationTests]: JpaDemoApplicationTests does not declare any static, non-private, non-final, nested classes annotated with @Configuration.
18:16:13.746 [main] DEBUG org.springframework.boot.test.context.SpringBootTestContextBootstrapper -- Using ContextCustomizers for test class [JpaDemoApplicationTests]: [ExcludeFilterContextCustomizer, DuplicateJsonObjectContextCustomizer, MockitoContextCustomizer, TestRestTemplateContextCustomizer, DisableObservabilityContextCustomizer, PropertyMappingContextCustomizer, Customizer]
18:16:13.776 [main] DEBUG org.springframework.context.annotation.ClassPathScanningCandidateComponentProvider -- Identified candidate component class: file [/Users/danielvontobel/_dev-migrations/jpa-demo/target/classes/ch/subsidia/jpademo/JpaDemoApplication.class]
18:16:13.777 [main] INFO org.springframework.boot.test.context.SpringBootTestContextBootstrapper -- Found @SpringBootConfiguration ch.subsidia.jpademo.JpaDemoApplication for test class ch.subsidia.jpademo.JpaDemoApplicationTests
18:16:13.809 [main] DEBUG org.springframework.test.context.util.TestContextSpringFactoriesUtils -- Skipping candidate TestExecutionListener [org.springframework.test.context.web.ServletTestExecutionListener] due to a missing dependency. Specify custom TestExecutionListener classes or make the default TestExecutionListener classes and their required dependencies available. Offending class: jakarta/servlet/ServletContext
18:16:13.810 [main] DEBUG org.springframework.test.context.util.TestContextSpringFactoriesUtils -- Skipping candidate TestExecutionListener [org.springframework.test.context.observation.MicrometerObservationRegistryTestExecutionListener] due to a missing dependency. Specify custom TestExecutionListener classes or make the default TestExecutionListener classes and their required dependencies available. Offending class: io.micrometer.context.ThreadLocalAccessor. MicrometerObservationRegistryTestExecutionListener requires io.micrometer:micrometer-observation:1.10.8 or higher and io.micrometer:context-propagation:1.0.3 or higher.
18:16:13.814 [main] DEBUG org.springframework.boot.test.context.SpringBootTestContextBootstrapper -- Using TestExecutionListeners for test class [JpaDemoApplicationTests]: [DirtiesContextBeforeModesTestExecutionListener, ApplicationEventsTestExecutionListener, MockitoTestExecutionListener, DependencyInjectionTestExecutionListener, DirtiesContextTestExecutionListener, TransactionalTestExecutionListener, SqlScriptsTestExecutionListener, EventPublishingTestExecutionListener, ResetMocksTestExecutionListener, RestDocsTestExecutionListener, MockRestServiceServerResetTestExecutionListener, MockMvcPrintOnlyOnFailureTestExecutionListener, WebDriverTestExecutionListener, MockWebServiceServerTestExecutionListener]
18:16:13.815 [main] DEBUG org.springframework.test.context.support.DirtiesContextBeforeModesTestExecutionListener -- Before test class: class [JpaDemoApplicationTests], class annotated with @DirtiesContext [false] with mode [null]
18:16:13.822 [main] DEBUG org.springframework.test.context.support.DependencyInjectionTestExecutionListener -- Performing dependency injection for test class ch.subsidia.jpademo.JpaDemoApplicationTests

  .   ____          _            __ _ _
 /\\ / ___'_ __ _ _(_)_ __  __ _ \ \ \ \
( ( )\___ | '_ | '_| | '_ \/ _` | \ \ \ \
 \\/  ___)| |_)| | | | | || (_| |  ) ) ) )
  '  |____| .__|_| |_|_| |_\__, | / / / /
 =========|_|==============|___/=/_/_/_/
 :: Spring Boot ::                (v3.0.9)

2023-08-11T18:16:13.977+02:00  INFO 17971 --- [           main] c.s.jpademo.JpaDemoApplicationTests      : Starting JpaDemoApplicationTests using Java 17.0.3 with PID 17971 (started by danielvontobel in /Users/danielvontobel/_dev-migrations/jpa-demo)
2023-08-11T18:16:13.977+02:00  INFO 17971 --- [           main] c.s.jpademo.JpaDemoApplicationTests      : No active profile set, falling back to 1 default profile: "default"
2023-08-11T18:16:15.147+02:00  INFO 17971 --- [           main] c.s.jpademo.JpaDemoApplicationTests      : Started JpaDemoApplicationTests in 1.315 seconds (process running for 1.682)
2023-08-11T18:16:15.254+02:00 DEBUG 17971 --- [           main] org.hibernate.SQL                        : insert into author (name) values (?)
2023-08-11T18:16:15.270+02:00 DEBUG 17971 --- [           main] org.hibernate.SQL                        : insert into book (author_id, genre, isbn, title) values (?, ?, ?, ?)
2023-08-11T18:16:15.279+02:00 DEBUG 17971 --- [           main] org.hibernate.SQL                        : insert into book (author_id, genre, isbn, title) values (?, ?, ?, ?)
2023-08-11T18:16:15.289+02:00 DEBUG 17971 --- [           main] org.hibernate.SQL                        : insert into book (author_id, genre, isbn, title) values (?, ?, ?, ?)
2023-08-11T18:16:15.369+02:00 DEBUG 17971 --- [           main] org.hibernate.SQL                        : select a1_0.id,b1_0.author_id,b1_0.id,b1_0.genre,b1_0.isbn,b1_0.title,a1_0.name from author a1_0 left join book b1_0 on a1_0.id=b1_0.author_id where a1_0.id=? fetch first ? rows only
]]></system-out>
  </testcase>
  <testcase name="findById__withEntityGraph_expectCompleteResolved" classname="ch.subsidia.jpademo.JpaDemoApplicationTests" time="0.05"/>
  <testcase name="findById_withoutEntityGraph_expectLazyInitialization" classname="ch.subsidia.jpademo.JpaDemoApplicationTests" time="0.026"/>
  <testcase name="findOne_withoutEntityGraph_expectLazyInitialization" classname="ch.subsidia.jpademo.JpaDemoApplicationTests" time="0.02"/>
  <testcase name="contextLoads" classname="ch.subsidia.jpademo.JpaDemoApplicationTests" time="0.007"/>
</testsuite>